<?xml version="1.0" encoding="UTF-8"?>
<testsuite name="com.rhecyee.efunny.core.spotlight.TrendScorerTest" tests="7" skipped="0" failures="0" errors="0" timestamp="2026-08-06T05:16:21" hostname="vm" time="0.011">
  <properties/>
  <testcase name="a lone candidate scores top of its own pool()" classname="com.rhecyee.efunny.core.spotlight.TrendScorerTest" time="0.0"/>
  <testcase name="posts with no engagement signal fall back to pure recency()" classname="com.rhecyee.efunny.core.spotlight.TrendScorerTest" time="0.001"/>
  <testcase name="an empty pool scores to nothing()" classname="com.rhecyee.efunny.core.spotlight.TrendScorerTest" time="0.0"/>
  <testcase name="ties share a score rather than being ordered by list position()" classname="com.rhecyee.efunny.core.spotlight.TrendScorerTest" time="0.001"/>
  <testcase name="scores are percentiles within the source, spanning zero to one()" classname="com.rhecyee.efunny.core.spotlight.TrendScorerTest" time="0.001"/>
  <testcase name="age is floored at one hour so a minutes-old post cannot divide its way to the top()" classname="com.rhecyee.efunny.core.spotlight.TrendScorerTest" time="0.001"/>
  <testcase name="a fast riser beats an older post with more total engagement()" classname="com.rhecyee.efunny.core.spotlight.TrendScorerTest" time="0.001"/>
  <system-out><![CDATA[]]></system-out>
  <system-err><![CDATA[]]></system-err>
</testsuite>
