<?xml version="1.0" encoding="UTF-8"?>
<testsuite name="com.rhecyee.efunny.core.feelers.RedditFeelerTest" tests="10" skipped="0" failures="0" errors="0" timestamp="2026-08-06T04:53:43" hostname="vm" time="0.431">
  <properties/>
  <testcase name="weights comments above upvotes when scoring engagement()" classname="com.rhecyee.efunny.core.feelers.RedditFeelerTest" time="0.146"/>
  <testcase name="reuses its token across calls()" classname="com.rhecyee.efunny.core.feelers.RedditFeelerTest" time="0.233"/>
  <testcase name="filters NSFW by default and admits it when asked()" classname="com.rhecyee.efunny.core.feelers.RedditFeelerTest" time="0.003"/>
  <testcase name="asks Reddit for the last day directly()" classname="com.rhecyee.efunny.core.feelers.RedditFeelerTest" time="0.004"/>
  <testcase name="drops stickied moderator posts despite their huge scores()" classname="com.rhecyee.efunny.core.feelers.RedditFeelerTest" time="0.001"/>
  <testcase name="authenticates with installed_client and never sends a secret()" classname="com.rhecyee.efunny.core.feelers.RedditFeelerTest" time="0.014"/>
  <testcase name="accepts a subreddit written with the r slash prefix()" classname="com.rhecyee.efunny.core.feelers.RedditFeelerTest" time="0.004"/>
  <testcase name="reports unavailable when no subreddit is configured()" classname="com.rhecyee.efunny.core.feelers.RedditFeelerTest" time="0.005"/>
  <testcase name="reports unavailable without a client ID()" classname="com.rhecyee.efunny.core.feelers.RedditFeelerTest" time="0.004"/>
  <testcase name="reports rate limiting rather than failing silently()" classname="com.rhecyee.efunny.core.feelers.RedditFeelerTest" time="0.004"/>
  <system-out><![CDATA[]]></system-out>
  <system-err><![CDATA[]]></system-err>
</testsuite>
