<?xml version="1.0" encoding="UTF-8"?>
<testsuite name="com.rhecyee.efunny.core.schedule.DropScheduleTest" tests="8" skipped="0" failures="0" errors="0" timestamp="2026-08-06T04:57:17" hostname="vm" time="0.066">
  <properties/>
  <testcase name="fall back shifts the drop an hour later in UTC()" classname="com.rhecyee.efunny.core.schedule.DropScheduleTest" time="0.004"/>
  <testcase name="labels the currently displayed drop()" classname="com.rhecyee.efunny.core.schedule.DropScheduleTest" time="0.002"/>
  <testcase name="fires exactly three drops on every day of the year including both DST days()" classname="com.rhecyee.efunny.core.schedule.DropScheduleTest" time="0.043"/>
  <testcase name="spring forward shifts the drop an hour earlier in UTC()" classname="com.rhecyee.efunny.core.schedule.DropScheduleTest" time="0.001"/>
  <testcase name="lists all three drops for the day()" classname="com.rhecyee.efunny.core.schedule.DropScheduleTest" time="0.002"/>
  <testcase name="picks the next slot later the same day()" classname="com.rhecyee.efunny.core.schedule.DropScheduleTest" time="0.002"/>
  <testcase name="arizona does not observe DST so its drops never move()" classname="com.rhecyee.efunny.core.schedule.DropScheduleTest" time="0.002"/>
  <testcase name="rolls over to tomorrow morning after the evening drop()" classname="com.rhecyee.efunny.core.schedule.DropScheduleTest" time="0.001"/>
  <system-out><![CDATA[]]></system-out>
  <system-err><![CDATA[]]></system-err>
</testsuite>
