<?xml version="1.0" encoding="UTF-8"?>
<testsuite name="com.rhecyee.efunny.core.spotlight.FullDayTest" tests="3" skipped="0" failures="0" errors="0" timestamp="2026-08-06T04:53:44" hostname="vm" time="0.185">
  <properties/>
  <testcase name="a full day produces 21 distinct posts, three from every source()" classname="com.rhecyee.efunny.core.spotlight.FullDayTest" time="0.139"/>
  <testcase name="a dead source costs the day its three posts but never the drop size()" classname="com.rhecyee.efunny.core.spotlight.FullDayTest" time="0.017"/>
  <testcase name="one source throwing does not take the whole drop down()" classname="com.rhecyee.efunny.core.spotlight.FullDayTest" time="0.021"/>
  <system-out><![CDATA[]]></system-out>
  <system-err><![CDATA[]]></system-err>
</testsuite>
